<?xml version="1.0" encoding="UTF-8"?>
<?xml-stylesheet type="text/xsl" href="junit-style.xsl"?>
<testsuites name="jest tests" tests="57" failures="0" errors="0" time="1.453">
  <testsuite name="pageAuthMiddleware helper" errors="0" failures="0" skipped="0" timestamp="2026-05-23T13:30:18" time="0.536" tests="2">
    <testcase classname="pageAuthMiddleware helper getCookieValue extracts cookie value" name="pageAuthMiddleware helper getCookieValue extracts cookie value" time="0.003">
    </testcase>
    <testcase classname="pageAuthMiddleware helper getCookieValue returns null when cookie is missing" name="pageAuthMiddleware helper getCookieValue returns null when cookie is missing" time="0">
    </testcase>
  </testsuite>
  <testsuite name="duelService" errors="0" failures="0" skipped="0" timestamp="2026-05-23T13:30:18" time="0.07" tests="5">
    <testcase classname="duelService createDuel returns a duel instance with id and password" name="duelService createDuel returns a duel instance with id and password" time="0">
    </testcase>
    <testcase classname="duelService joinDuel returns duel when correct password is used" name="duelService joinDuel returns duel when correct password is used" time="0.001">
    </testcase>
    <testcase classname="duelService joinDuel returns null for wrong password" name="duelService joinDuel returns null for wrong password" time="0.001">
    </testcase>
    <testcase classname="duelService updatePlayerLocation returns false when duel not found" name="duelService updatePlayerLocation returns false when duel not found" time="0.001">
    </testcase>
    <testcase classname="duelService updatePlayerLocation returns true when player location updates successfully" name="duelService updatePlayerLocation returns true when player location updates successfully" time="0.002">
    </testcase>
  </testsuite>
  <testsuite name="sessionService" errors="0" failures="0" skipped="0" timestamp="2026-05-23T13:30:19" time="0.088" tests="9">
    <testcase classname="sessionService migrateLobbyToSession creates new session and returns id" name="sessionService migrateLobbyToSession creates new session and returns id" time="0.001">
    </testcase>
    <testcase classname="sessionService joinSession returns false when session is missing" name="sessionService joinSession returns false when session is missing" time="0">
    </testcase>
    <testcase classname="sessionService setPlayerState and getPlayerState work correctly" name="sessionService setPlayerState and getPlayerState work correctly" time="0">
    </testcase>
    <testcase classname="sessionService getPlayersByState and getPlayersByStates return matching players" name="sessionService getPlayersByState and getPlayersByStates return matching players" time="0.001">
    </testcase>
    <testcase classname="sessionService getAvailableDuelPlayers returns only alive and reviving players" name="sessionService getAvailableDuelPlayers returns only alive and reviving players" time="0.001">
    </testcase>
    <testcase classname="sessionService leaveSession removes session when empty" name="sessionService leaveSession removes session when empty" time="0.001">
    </testcase>
    <testcase classname="sessionService updatePlayerScore updates highest score and returns highscore string" name="sessionService updatePlayerScore updates highest score and returns highscore string" time="0.001">
    </testcase>
    <testcase classname="sessionService getPlayerField, getPlayerFields, updatePlayerField, clearPlayerField work as expected" name="sessionService getPlayerField, getPlayerFields, updatePlayerField, clearPlayerField work as expected" time="0.001">
    </testcase>
    <testcase classname="sessionService getTopPlayersByScore returns sorted top scores" name="sessionService getTopPlayersByScore returns sorted top scores" time="0.001">
    </testcase>
  </testsuite>
  <testsuite name="lobbyService" errors="0" failures="0" skipped="0" timestamp="2026-05-23T13:30:19" time="0.064" tests="4">
    <testcase classname="lobbyService joinLobby creates a lobby when none exists and adds the player" name="lobbyService joinLobby creates a lobby when none exists and adds the player" time="0.001">
    </testcase>
    <testcase classname="lobbyService joinLobby reuses existing unlocked lobby" name="lobbyService joinLobby reuses existing unlocked lobby" time="0.001">
    </testcase>
    <testcase classname="lobbyService leaveLobby removes player and deletes empty lobby" name="lobbyService leaveLobby removes player and deletes empty lobby" time="0">
    </testcase>
    <testcase classname="lobbyService leaveLobby returns null for missing lobby or player" name="lobbyService leaveLobby returns null for missing lobby or player" time="0">
    </testcase>
  </testsuite>
  <testsuite name="hitscanService" errors="0" failures="0" skipped="0" timestamp="2026-05-23T13:30:19" time="0.069" tests="7">
    <testcase classname="hitscanService validateHitscanShot returns true for a valid hit" name="hitscanService validateHitscanShot returns true for a valid hit" time="0">
    </testcase>
    <testcase classname="hitscanService validateHitscanShot returns false for invalid direction" name="hitscanService validateHitscanShot returns false for invalid direction" time="0.001">
    </testcase>
    <testcase classname="hitscanService validateHitscanShot returns false for a target behind shooter" name="hitscanService validateHitscanShot returns false for a target behind shooter" time="0.001">
    </testcase>
    <testcase classname="hitscanService validateHitscanShot returns false for a target behind shooter" name="hitscanService validateHitscanShot returns false for a target behind shooter" time="0">
    </testcase>
    <testcase classname="hitscanService createHitResultPayload returns structured payload" name="hitscanService createHitResultPayload returns structured payload" time="0.001">
    </testcase>
    <testcase classname="hitscanService endDuel removes duel from duels map" name="hitscanService endDuel removes duel from duels map" time="0">
    </testcase>
    <testcase classname="hitscanService resolveHitscanStatus updates session states and clears field" name="hitscanService resolveHitscanStatus updates session states and clears field" time="0">
    </testcase>
  </testsuite>
  <testsuite name="obstacleService" errors="0" failures="0" skipped="0" timestamp="2026-05-23T13:30:19" time="0.091" tests="2">
    <testcase classname="obstacleService createObstacleLayout returns the expected number of obstacles" name="obstacleService createObstacleLayout returns the expected number of obstacles" time="0.009">
    </testcase>
    <testcase classname="obstacleService createObstacleLayout defaults to 8 items" name="obstacleService createObstacleLayout defaults to 8 items" time="0.001">
    </testcase>
  </testsuite>
  <testsuite name="fieldSync" errors="0" failures="0" skipped="0" timestamp="2026-05-23T13:30:19" time="0.056" tests="3">
    <testcase classname="fieldSync clearLines removes completed rows" name="fieldSync clearLines removes completed rows" time="0.001">
    </testcase>
    <testcase classname="fieldSync applyLockedBlockToField updates field and clears lines" name="fieldSync applyLockedBlockToField updates field and clears lines" time="0.001">
    </testcase>
    <testcase classname="fieldSync applyLockedBlockToField returns original field for invalid payload" name="fieldSync applyLockedBlockToField returns original field for invalid payload" time="0.001">
    </testcase>
  </testsuite>
  <testsuite name="sessionModel" errors="0" failures="0" skipped="0" timestamp="2026-05-23T13:30:19" time="0.061" tests="9">
    <testcase classname="sessionModel addPlayer creates a player with alive state" name="sessionModel addPlayer creates a player with alive state" time="0.001">
    </testcase>
    <testcase classname="sessionModel setPlayerState and getPlayerState manage state" name="sessionModel setPlayerState and getPlayerState manage state" time="0.001">
    </testcase>
    <testcase classname="sessionModel getPlayersByState returns matching keys" name="sessionModel getPlayersByState returns matching keys" time="0.001">
    </testcase>
    <testcase classname="sessionModel getPlayersByStates returns correct multiple states" name="sessionModel getPlayersByStates returns correct multiple states" time="0">
    </testcase>
    <testcase classname="sessionModel updatePlayerScore sets the correct highest score" name="sessionModel updatePlayerScore sets the correct highest score" time="0">
    </testcase>
    <testcase classname="sessionModel getHighScoreString returns the player with the highest score" name="sessionModel getHighScoreString returns the player with the highest score" time="0">
    </testcase>
    <testcase classname="sessionModel clearPlayerField resets the board to empty field" name="sessionModel clearPlayerField resets the board to empty field" time="0">
    </testcase>
    <testcase classname="sessionModel getPlayerFields returns all player boards" name="sessionModel getPlayerFields returns all player boards" time="0">
    </testcase>
    <testcase classname="sessionModel removePlayer deletes a player and getAmountOfPlayers updates" name="sessionModel removePlayer deletes a player and getAmountOfPlayers updates" time="0">
    </testcase>
  </testsuite>
  <testsuite name="duelModel" errors="0" failures="0" skipped="0" timestamp="2026-05-23T13:30:19" time="0.059" tests="5">
    <testcase classname="duelModel addPlayer adds a player and returns true" name="duelModel addPlayer adds a player and returns true" time="0.001">
    </testcase>
    <testcase classname="duelModel addPlayer returns false when duel is full" name="duelModel addPlayer returns false when duel is full" time="0">
    </testcase>
    <testcase classname="duelModel updatePlayerLocation updates location when valid" name="duelModel updatePlayerLocation updates location when valid" time="0">
    </testcase>
    <testcase classname="duelModel updatePlayerLocation returns false for invalid location" name="duelModel updatePlayerLocation returns false for invalid location" time="0">
    </testcase>
    <testcase classname="duelModel removePlayer deletes the player and returns true" name="duelModel removePlayer deletes the player and returns true" time="0">
    </testcase>
  </testsuite>
  <testsuite name="pageService" errors="0" failures="0" skipped="0" timestamp="2026-05-23T13:30:19" time="0.059" tests="2">
    <testcase classname="pageService getViewPath returns a path that contains the requested view" name="pageService getViewPath returns a path that contains the requested view" time="0.001">
    </testcase>
    <testcase classname="pageService getGameData returns expected game metadata" name="pageService getGameData returns expected game metadata" time="0">
    </testcase>
  </testsuite>
  <testsuite name="lobbyModel" errors="0" failures="0" skipped="0" timestamp="2026-05-23T13:30:19" time="0.053" tests="5">
    <testcase classname="lobbyModel joinPlayer adds a player and returns true" name="lobbyModel joinPlayer adds a player and returns true" time="0.001">
    </testcase>
    <testcase classname="lobbyModel joinPlayer does not add duplicate player" name="lobbyModel joinPlayer does not add duplicate player" time="0">
    </testcase>
    <testcase classname="lobbyModel leavePlayer removes a player and returns true" name="lobbyModel leavePlayer removes a player and returns true" time="0">
    </testcase>
    <testcase classname="lobbyModel hasPlayer returns correct boolean" name="lobbyModel hasPlayer returns correct boolean" time="0">
    </testcase>
    <testcase classname="lobbyModel checkFull locks the lobby when maxPlayers reached" name="lobbyModel checkFull locks the lobby when maxPlayers reached" time="0">
    </testcase>
  </testsuite>
  <testsuite name="tetrisHelpers" errors="0" failures="0" skipped="0" timestamp="2026-05-23T13:30:19" time="0.054" tests="4">
    <testcase classname="tetrisHelpers createEmptyField returns a 20x10 matrix of zeros" name="tetrisHelpers createEmptyField returns a 20x10 matrix of zeros" time="0.001">
    </testcase>
    <testcase classname="tetrisHelpers rotateClockwise rotates shape correctly" name="tetrisHelpers rotateClockwise rotates shape correctly" time="0.001">
    </testcase>
    <testcase classname="tetrisHelpers isValidField returns false for invalid field" name="tetrisHelpers isValidField returns false for invalid field" time="0.001">
    </testcase>
    <testcase classname="tetrisHelpers getRotationShape returns a valid rotation matrix" name="tetrisHelpers getRotationShape returns a valid rotation matrix" time="0.001">
    </testcase>
  </testsuite>
</testsuites>